{
  "0 debug pnpm:scope": {
    "selected": 1
  },
  "1 error pnpm": {
    "code": "ELIFECYCLE",
    "errno": "ENOENT",
    "syscall": "spawn",
    "file": "sh",
    "pkgid": "michcodes.xyz@0.1.0",
    "stage": "clean",
    "script": "del _site",
    "pkgname": "michcodes.xyz",
    "err": {
      "name": "pnpm",
      "message": "michcodes.xyz@0.1.0 clean: `del _site`\nspawn ENOENT",
      "code": "ELIFECYCLE",
      "stack": "pnpm: michcodes.xyz@0.1.0 clean: `del _site`\nspawn ENOENT\n    at ChildProcess.<anonymous> (/Users/mich/.nvm/versions/node/v17.3.0/pnpm-global/5/node_modules/.pnpm/pnpm@6.24.2/node_modules/pnpm/dist/pnpm.cjs:91775:22)\n    at ChildProcess.emit (node:events:390:28)\n    at maybeClose (node:internal/child_process:1062:16)\n    at Process.ChildProcess._handle.onexit (node:internal/child_process:301:5)"
    }
  },
  "2 warn pnpm:global": " Local package.json exists, but node_modules missing, did you mean to install?"
}